[ 2016-06-29T14:51:22+08:00 ] ::1 /lnweb/gz/wx/index.php
INFO: [ app_init ] --START--
INFO: Run Behavior\BuildLiteBehavior [ RunTime:0.000039s ]
INFO: Run Common\Behavior\InitHookBehavior [ RunTime:0.002765s ]
INFO: [ app_init ] --END-- [ RunTime:0.003593s ]
INFO: [ app_begin ] --START--
INFO: Run Behavior\ReadHtmlCacheBehavior [ RunTime:0.000616s ]
INFO: [ app_begin ] --END-- [ RunTime:0.000761s ]
SQL: SELECT `id`,`token` FROM `wx_public`  [ RunTime:0.0004s ]
NOTIC: [2] Invalid argument supplied for foreach() E:\WEB\PHP\LNWEB\gz\wx\Application\Common\Model\PublicModel.class.php 第 31 行.
NOTIC: [8] Undefined index: uid E:\WEB\PHP\LNWEB\gz\wx\ThinkPHP\Library\Think\Controller.class.php 第 529 行.
SQL: SELECT * FROM `wx_addons` WHERE `status` = 1  [ RunTime:0.0010s ]
SQL: SELECT `id`,`token` FROM `wx_public`  [ RunTime:0.0005s ]
NOTIC: [2] Invalid argument supplied for foreach() E:\WEB\PHP\LNWEB\gz\wx\Application\Common\Model\PublicModel.class.php 第 31 行.
NOTIC: [8] Undefined index: addon_status E:\WEB\PHP\LNWEB\gz\wx\Application\Common\Model\AddonStatusModel.class.php 第 47 行.
NOTIC: [8] Undefined index: group_id E:\WEB\PHP\LNWEB\gz\wx\Application\Common\Model\AddonStatusModel.class.php 第 50 行.
NOTIC: [8] Undefined variable: addons E:\WEB\PHP\LNWEB\gz\wx\Application\Common\Common\function.php 第 501 行.
NOTIC: [8] Undefined variable: addons E:\WEB\PHP\LNWEB\gz\wx\Application\Common\Common\function.php 第 501 行.
NOTIC: [8] Undefined variable: addons E:\WEB\PHP\LNWEB\gz\wx\Application\Common\Common\function.php 第 501 行.
NOTIC: [8] Undefined variable: addons E:\WEB\PHP\LNWEB\gz\wx\Application\Common\Common\function.php 第 501 行.
NOTIC: [8] Undefined variable: addons E:\WEB\PHP\LNWEB\gz\wx\Application\Common\Common\function.php 第 501 行.
NOTIC: [8] Undefined variable: addons E:\WEB\PHP\LNWEB\gz\wx\Application\Common\Common\function.php 第 501 行.
NOTIC: [8] Undefined variable: addons E:\WEB\PHP\LNWEB\gz\wx\Application\Common\Common\function.php 第 501 行.
NOTIC: [8] Undefined variable: addons E:\WEB\PHP\LNWEB\gz\wx\Application\Common\Common\function.php 第 501 行.
NOTIC: [8] Undefined variable: addons E:\WEB\PHP\LNWEB\gz\wx\Application\Common\Common\function.php 第 501 行.
NOTIC: [8] Undefined variable: addons E:\WEB\PHP\LNWEB\gz\wx\Application\Common\Common\function.php 第 501 行.
NOTIC: [8] Undefined variable: addons E:\WEB\PHP\LNWEB\gz\wx\Application\Common\Common\function.php 第 501 行.
NOTIC: [8] Undefined variable: addons E:\WEB\PHP\LNWEB\gz\wx\Application\Common\Common\function.php 第 501 行.
NOTIC: [8] Undefined variable: addons E:\WEB\PHP\LNWEB\gz\wx\Application\Common\Common\function.php 第 501 行.
NOTIC: [8] Undefined variable: addons E:\WEB\PHP\LNWEB\gz\wx\Application\Common\Common\function.php 第 501 行.
NOTIC: [8] Undefined variable: addons E:\WEB\PHP\LNWEB\gz\wx\Application\Common\Common\function.php 第 501 行.
NOTIC: [8] Undefined variable: addons E:\WEB\PHP\LNWEB\gz\wx\Application\Common\Common\function.php 第 501 行.
NOTIC: [8] Undefined variable: addons E:\WEB\PHP\LNWEB\gz\wx\Application\Common\Common\function.php 第 501 行.
NOTIC: [8] Undefined variable: addons E:\WEB\PHP\LNWEB\gz\wx\Application\Common\Common\function.php 第 501 行.
NOTIC: [8] Undefined variable: addons E:\WEB\PHP\LNWEB\gz\wx\Application\Common\Common\function.php 第 501 行.
NOTIC: [8] Undefined variable: addons E:\WEB\PHP\LNWEB\gz\wx\Application\Common\Common\function.php 第 501 行.
NOTIC: [8] Undefined variable: addons E:\WEB\PHP\LNWEB\gz\wx\Application\Common\Common\function.php 第 501 行.
NOTIC: [8] Undefined variable: addons E:\WEB\PHP\LNWEB\gz\wx\Application\Common\Common\function.php 第 501 行.
NOTIC: [8] Undefined variable: addons E:\WEB\PHP\LNWEB\gz\wx\Application\Common\Common\function.php 第 501 行.
NOTIC: [8] Undefined variable: addons E:\WEB\PHP\LNWEB\gz\wx\Application\Common\Common\function.php 第 501 行.
NOTIC: [8] Undefined variable: addons E:\WEB\PHP\LNWEB\gz\wx\Application\Common\Common\function.php 第 501 行.
NOTIC: [8] Undefined variable: addons E:\WEB\PHP\LNWEB\gz\wx\Application\Common\Common\function.php 第 501 行.
NOTIC: [8] Undefined variable: addons E:\WEB\PHP\LNWEB\gz\wx\Application\Common\Common\function.php 第 501 行.
NOTIC: [8] Undefined variable: addons E:\WEB\PHP\LNWEB\gz\wx\Application\Common\Common\function.php 第 501 行.
NOTIC: [8] Undefined variable: addons E:\WEB\PHP\LNWEB\gz\wx\Application\Common\Common\function.php 第 501 行.
NOTIC: [8] Undefined variable: addons E:\WEB\PHP\LNWEB\gz\wx\Application\Common\Common\function.php 第 501 行.
NOTIC: [8] Undefined variable: addons E:\WEB\PHP\LNWEB\gz\wx\Application\Common\Common\function.php 第 501 行.
NOTIC: [8] Undefined variable: addons E:\WEB\PHP\LNWEB\gz\wx\Application\Common\Common\function.php 第 501 行.
NOTIC: [8] Undefined variable: addons E:\WEB\PHP\LNWEB\gz\wx\Application\Common\Common\function.php 第 501 行.
NOTIC: [8] Undefined variable: addons E:\WEB\PHP\LNWEB\gz\wx\Application\Common\Common\function.php 第 501 行.
NOTIC: [8] Undefined variable: addons E:\WEB\PHP\LNWEB\gz\wx\Application\Common\Common\function.php 第 501 行.
NOTIC: [8] Undefined variable: addons E:\WEB\PHP\LNWEB\gz\wx\Application\Common\Common\function.php 第 501 行.
NOTIC: [8] Undefined variable: addons E:\WEB\PHP\LNWEB\gz\wx\Application\Common\Common\function.php 第 501 行.
SQL: SELECT * FROM `wx_manager_menu` WHERE `uid` = 1 AND `is_hide` = 0 ORDER BY sort asc, id asc  [ RunTime:0.0010s ]
NOTIC: [8] Undefined variable: addons E:\WEB\PHP\LNWEB\gz\wx\Application\Common\Common\function.php 第 501 行.
NOTIC: [8] Undefined variable: addons E:\WEB\PHP\LNWEB\gz\wx\Application\Common\Common\function.php 第 501 行.
NOTIC: [8] Undefined variable: addons E:\WEB\PHP\LNWEB\gz\wx\Application\Common\Common\function.php 第 501 行.
NOTIC: [8] Undefined variable: addons E:\WEB\PHP\LNWEB\gz\wx\Application\Common\Common\function.php 第 501 行.
NOTIC: [8] Undefined variable: addons E:\WEB\PHP\LNWEB\gz\wx\Application\Common\Common\function.php 第 501 行.
NOTIC: [8] Undefined variable: addons E:\WEB\PHP\LNWEB\gz\wx\Application\Common\Common\function.php 第 501 行.
NOTIC: [8] Undefined variable: addons E:\WEB\PHP\LNWEB\gz\wx\Application\Common\Common\function.php 第 501 行.
NOTIC: [8] Undefined variable: addons E:\WEB\PHP\LNWEB\gz\wx\Application\Common\Common\function.php 第 501 行.
NOTIC: [8] Undefined variable: addons E:\WEB\PHP\LNWEB\gz\wx\Application\Common\Common\function.php 第 501 行.
NOTIC: [8] Undefined offset: 14 E:\WEB\PHP\LNWEB\gz\wx\Application\Common\Model\ManagerMenuModel.class.php 第 106 行.
NOTIC: [8] Undefined offset: 14 E:\WEB\PHP\LNWEB\gz\wx\Application\Common\Model\ManagerMenuModel.class.php 第 116 行.
NOTIC: [8] Undefined offset: 60 E:\WEB\PHP\LNWEB\gz\wx\Application\Common\Model\ManagerMenuModel.class.php 第 106 行.
NOTIC: [8] Undefined offset: 60 E:\WEB\PHP\LNWEB\gz\wx\Application\Common\Model\ManagerMenuModel.class.php 第 116 行.
NOTIC: [8] Undefined index: HTTP_REFERER E:\WEB\PHP\LNWEB\gz\wx\Application\Common\Model\ManagerMenuModel.class.php 第 139 行.
NOTIC: [8] Undefined index: side E:\WEB\PHP\LNWEB\gz\wx\Application\Common\Model\ManagerMenuModel.class.php 第 179 行.
NOTIC: [8] Undefined index: side E:\WEB\PHP\LNWEB\gz\wx\Application\Common\Model\ManagerMenuModel.class.php 第 179 行.
NOTIC: [8] Undefined index: side E:\WEB\PHP\LNWEB\gz\wx\Application\Common\Model\ManagerMenuModel.class.php 第 179 行.
NOTIC: [8] Undefined index: side E:\WEB\PHP\LNWEB\gz\wx\Application\Common\Model\ManagerMenuModel.class.php 第 179 行.
NOTIC: [8] Undefined index: side E:\WEB\PHP\LNWEB\gz\wx\Application\Common\Model\ManagerMenuModel.class.php 第 179 行.
NOTIC: [8] Undefined index: side E:\WEB\PHP\LNWEB\gz\wx\Application\Common\Model\ManagerMenuModel.class.php 第 179 行.
NOTIC: [8] Undefined index: side E:\WEB\PHP\LNWEB\gz\wx\Application\Common\Model\ManagerMenuModel.class.php 第 179 行.
NOTIC: [8] Undefined index: side E:\WEB\PHP\LNWEB\gz\wx\Application\Common\Model\ManagerMenuModel.class.php 第 179 行.
NOTIC: [8] Undefined index: side E:\WEB\PHP\LNWEB\gz\wx\Application\Common\Model\ManagerMenuModel.class.php 第 179 行.
NOTIC: [8] Undefined index: side E:\WEB\PHP\LNWEB\gz\wx\Application\Common\Model\ManagerMenuModel.class.php 第 179 行.
NOTIC: [8] Undefined index: side E:\WEB\PHP\LNWEB\gz\wx\Application\Common\Model\ManagerMenuModel.class.php 第 179 行.
NOTIC: [8] Undefined index: side E:\WEB\PHP\LNWEB\gz\wx\Application\Common\Model\ManagerMenuModel.class.php 第 179 行.
NOTIC: [8] Undefined index: side E:\WEB\PHP\LNWEB\gz\wx\Application\Common\Model\ManagerMenuModel.class.php 第 179 行.
NOTIC: [8] Undefined index: side E:\WEB\PHP\LNWEB\gz\wx\Application\Common\Model\ManagerMenuModel.class.php 第 179 行.
NOTIC: [8] Undefined index: side E:\WEB\PHP\LNWEB\gz\wx\Application\Common\Model\ManagerMenuModel.class.php 第 179 行.
NOTIC: [8] Undefined index: side E:\WEB\PHP\LNWEB\gz\wx\Application\Common\Model\ManagerMenuModel.class.php 第 179 行.
NOTIC: [8] Undefined index: side E:\WEB\PHP\LNWEB\gz\wx\Application\Common\Model\ManagerMenuModel.class.php 第 179 行.
NOTIC: [8] Undefined index: side E:\WEB\PHP\LNWEB\gz\wx\Application\Common\Model\ManagerMenuModel.class.php 第 179 行.
NOTIC: [8] Undefined index: side E:\WEB\PHP\LNWEB\gz\wx\Application\Common\Model\ManagerMenuModel.class.php 第 179 行.
NOTIC: [8] Undefined index: side E:\WEB\PHP\LNWEB\gz\wx\Application\Common\Model\ManagerMenuModel.class.php 第 179 行.
NOTIC: [8] Undefined index: side E:\WEB\PHP\LNWEB\gz\wx\Application\Common\Model\ManagerMenuModel.class.php 第 179 行.
NOTIC: [8] Undefined index: side E:\WEB\PHP\LNWEB\gz\wx\Application\Common\Model\ManagerMenuModel.class.php 第 179 行.
NOTIC: [8] Undefined index: side E:\WEB\PHP\LNWEB\gz\wx\Application\Common\Model\ManagerMenuModel.class.php 第 179 行.
NOTIC: [8] Undefined index: side E:\WEB\PHP\LNWEB\gz\wx\Application\Common\Model\ManagerMenuModel.class.php 第 179 行.
NOTIC: [8] Undefined index: side E:\WEB\PHP\LNWEB\gz\wx\Application\Common\Model\ManagerMenuModel.class.php 第 179 行.
NOTIC: [8] Undefined index: side E:\WEB\PHP\LNWEB\gz\wx\Application\Common\Model\ManagerMenuModel.class.php 第 179 行.
NOTIC: [8] Undefined index: side E:\WEB\PHP\LNWEB\gz\wx\Application\Common\Model\ManagerMenuModel.class.php 第 179 行.
NOTIC: [8] Undefined index: side E:\WEB\PHP\LNWEB\gz\wx\Application\Common\Model\ManagerMenuModel.class.php 第 179 行.
NOTIC: [8] Undefined index: side E:\WEB\PHP\LNWEB\gz\wx\Application\Common\Model\ManagerMenuModel.class.php 第 179 行.
NOTIC: [8] Undefined index: side E:\WEB\PHP\LNWEB\gz\wx\Application\Common\Model\ManagerMenuModel.class.php 第 179 行.
NOTIC: [8] Undefined index: side E:\WEB\PHP\LNWEB\gz\wx\Application\Common\Model\ManagerMenuModel.class.php 第 179 行.
NOTIC: [8] Undefined index: side E:\WEB\PHP\LNWEB\gz\wx\Application\Common\Model\ManagerMenuModel.class.php 第 179 行.
NOTIC: [8] Undefined index: side E:\WEB\PHP\LNWEB\gz\wx\Application\Common\Model\ManagerMenuModel.class.php 第 179 行.
NOTIC: [8] Undefined index: side E:\WEB\PHP\LNWEB\gz\wx\Application\Common\Model\ManagerMenuModel.class.php 第 179 行.
NOTIC: [8] Undefined index: side E:\WEB\PHP\LNWEB\gz\wx\Application\Common\Model\ManagerMenuModel.class.php 第 179 行.
NOTIC: [8] Undefined index: side E:\WEB\PHP\LNWEB\gz\wx\Application\Common\Model\ManagerMenuModel.class.php 第 179 行.
NOTIC: [8] Undefined index: side E:\WEB\PHP\LNWEB\gz\wx\Application\Common\Model\ManagerMenuModel.class.php 第 179 行.
NOTIC: [8] Undefined index: side E:\WEB\PHP\LNWEB\gz\wx\Application\Common\Model\ManagerMenuModel.class.php 第 179 行.
NOTIC: [8] Undefined index: side E:\WEB\PHP\LNWEB\gz\wx\Application\Common\Model\ManagerMenuModel.class.php 第 179 行.
NOTIC: [8] Undefined index: side E:\WEB\PHP\LNWEB\gz\wx\Application\Common\Model\ManagerMenuModel.class.php 第 179 行.
NOTIC: [8] Undefined index: side E:\WEB\PHP\LNWEB\gz\wx\Application\Common\Model\ManagerMenuModel.class.php 第 179 行.
NOTIC: [8] Undefined offset: 14 E:\WEB\PHP\LNWEB\gz\wx\Application\Common\Model\ManagerMenuModel.class.php 第 185 行.
SQL: SELECT * FROM `wx_public_link` WHERE `uid` = 1  [ RunTime:0.0004s ]
NOTIC: [2] Invalid argument supplied for foreach() E:\WEB\PHP\LNWEB\gz\wx\Application\Common\Model\PublicModel.class.php 第 48 行.
NOTIC: [8] Undefined variable: res E:\WEB\PHP\LNWEB\gz\wx\Application\Common\Model\PublicModel.class.php 第 52 行.
SQL: SELECT * FROM `wx_user` WHERE `uid` = 1 LIMIT 1   [ RunTime:0.0004s ]

[ 2016-06-29T14:51:22+08:00 ] ::1 /lnweb/gz/wx/index.php?s=/home/Public/add/from/6.html
INFO: [ app_init ] --START--
INFO: Run Behavior\BuildLiteBehavior [ RunTime:0.000058s ]
INFO: Run Common\Behavior\InitHookBehavior [ RunTime:0.002755s ]
INFO: [ app_init ] --END-- [ RunTime:0.003629s ]
INFO: [ app_begin ] --START--
INFO: Run Behavior\ReadHtmlCacheBehavior [ RunTime:0.001128s ]
INFO: [ app_begin ] --END-- [ RunTime:0.001402s ]
SQL: SELECT `id`,`token` FROM `wx_public`  [ RunTime:0.0005s ]
NOTIC: [2] Invalid argument supplied for foreach() E:\WEB\PHP\LNWEB\gz\wx\Application\Common\Model\PublicModel.class.php 第 31 行.
NOTIC: [8] Undefined index: uid E:\WEB\PHP\LNWEB\gz\wx\ThinkPHP\Library\Think\Controller.class.php 第 529 行.
SQL: SELECT `id`,`token` FROM `wx_public`  [ RunTime:0.0004s ]
NOTIC: [2] Invalid argument supplied for foreach() E:\WEB\PHP\LNWEB\gz\wx\Application\Common\Model\PublicModel.class.php 第 31 行.
NOTIC: [8] Undefined index: addon_status E:\WEB\PHP\LNWEB\gz\wx\Application\Common\Model\AddonStatusModel.class.php 第 47 行.
NOTIC: [8] Undefined index: group_id E:\WEB\PHP\LNWEB\gz\wx\Application\Common\Model\AddonStatusModel.class.php 第 50 行.
NOTIC: [8] Undefined variable: addons E:\WEB\PHP\LNWEB\gz\wx\Application\Common\Common\function.php 第 501 行.
NOTIC: [8] Undefined variable: addons E:\WEB\PHP\LNWEB\gz\wx\Application\Common\Common\function.php 第 501 行.
NOTIC: [8] Undefined variable: addons E:\WEB\PHP\LNWEB\gz\wx\Application\Common\Common\function.php 第 501 行.
NOTIC: [8] Undefined variable: addons E:\WEB\PHP\LNWEB\gz\wx\Application\Common\Common\function.php 第 501 行.
NOTIC: [8] Undefined variable: addons E:\WEB\PHP\LNWEB\gz\wx\Application\Common\Common\function.php 第 501 行.
NOTIC: [8] Undefined variable: addons E:\WEB\PHP\LNWEB\gz\wx\Application\Common\Common\function.php 第 501 行.
NOTIC: [8] Undefined variable: addons E:\WEB\PHP\LNWEB\gz\wx\Application\Common\Common\function.php 第 501 行.
NOTIC: [8] Undefined variable: addons E:\WEB\PHP\LNWEB\gz\wx\Application\Common\Common\function.php 第 501 行.
NOTIC: [8] Undefined variable: addons E:\WEB\PHP\LNWEB\gz\wx\Application\Common\Common\function.php 第 501 行.
NOTIC: [8] Undefined variable: addons E:\WEB\PHP\LNWEB\gz\wx\Application\Common\Common\function.php 第 501 行.
NOTIC: [8] Undefined variable: addons E:\WEB\PHP\LNWEB\gz\wx\Application\Common\Common\function.php 第 501 行.
NOTIC: [8] Undefined variable: addons E:\WEB\PHP\LNWEB\gz\wx\Application\Common\Common\function.php 第 501 行.
NOTIC: [8] Undefined variable: addons E:\WEB\PHP\LNWEB\gz\wx\Application\Common\Common\function.php 第 501 行.
NOTIC: [8] Undefined variable: addons E:\WEB\PHP\LNWEB\gz\wx\Application\Common\Common\function.php 第 501 行.
NOTIC: [8] Undefined variable: addons E:\WEB\PHP\LNWEB\gz\wx\Application\Common\Common\function.php 第 501 行.
NOTIC: [8] Undefined variable: addons E:\WEB\PHP\LNWEB\gz\wx\Application\Common\Common\function.php 第 501 行.
NOTIC: [8] Undefined variable: addons E:\WEB\PHP\LNWEB\gz\wx\Application\Common\Common\function.php 第 501 行.
NOTIC: [8] Undefined variable: addons E:\WEB\PHP\LNWEB\gz\wx\Application\Common\Common\function.php 第 501 行.
NOTIC: [8] Undefined variable: addons E:\WEB\PHP\LNWEB\gz\wx\Application\Common\Common\function.php 第 501 行.
NOTIC: [8] Undefined variable: addons E:\WEB\PHP\LNWEB\gz\wx\Application\Common\Common\function.php 第 501 行.
NOTIC: [8] Undefined variable: addons E:\WEB\PHP\LNWEB\gz\wx\Application\Common\Common\function.php 第 501 行.
NOTIC: [8] Undefined variable: addons E:\WEB\PHP\LNWEB\gz\wx\Application\Common\Common\function.php 第 501 行.
NOTIC: [8] Undefined variable: addons E:\WEB\PHP\LNWEB\gz\wx\Application\Common\Common\function.php 第 501 行.
NOTIC: [8] Undefined variable: addons E:\WEB\PHP\LNWEB\gz\wx\Application\Common\Common\function.php 第 501 行.
NOTIC: [8] Undefined variable: addons E:\WEB\PHP\LNWEB\gz\wx\Application\Common\Common\function.php 第 501 行.
NOTIC: [8] Undefined variable: addons E:\WEB\PHP\LNWEB\gz\wx\Application\Common\Common\function.php 第 501 行.
NOTIC: [8] Undefined variable: addons E:\WEB\PHP\LNWEB\gz\wx\Application\Common\Common\function.php 第 501 行.
NOTIC: [8] Undefined variable: addons E:\WEB\PHP\LNWEB\gz\wx\Application\Common\Common\function.php 第 501 行.
NOTIC: [8] Undefined variable: addons E:\WEB\PHP\LNWEB\gz\wx\Application\Common\Common\function.php 第 501 行.
NOTIC: [8] Undefined variable: addons E:\WEB\PHP\LNWEB\gz\wx\Application\Common\Common\function.php 第 501 行.
NOTIC: [8] Undefined variable: addons E:\WEB\PHP\LNWEB\gz\wx\Application\Common\Common\function.php 第 501 行.
NOTIC: [8] Undefined variable: addons E:\WEB\PHP\LNWEB\gz\wx\Application\Common\Common\function.php 第 501 行.
NOTIC: [8] Undefined variable: addons E:\WEB\PHP\LNWEB\gz\wx\Application\Common\Common\function.php 第 501 行.
NOTIC: [8] Undefined variable: addons E:\WEB\PHP\LNWEB\gz\wx\Application\Common\Common\function.php 第 501 行.
NOTIC: [8] Undefined variable: addons E:\WEB\PHP\LNWEB\gz\wx\Application\Common\Common\function.php 第 501 行.
NOTIC: [8] Undefined variable: addons E:\WEB\PHP\LNWEB\gz\wx\Application\Common\Common\function.php 第 501 行.
NOTIC: [8] Undefined variable: addons E:\WEB\PHP\LNWEB\gz\wx\Application\Common\Common\function.php 第 501 行.
SQL: SELECT * FROM `wx_manager_menu` WHERE `uid` = 1 AND `is_hide` = 0 ORDER BY sort asc, id asc  [ RunTime:0.0011s ]
NOTIC: [8] Undefined variable: addons E:\WEB\PHP\LNWEB\gz\wx\Application\Common\Common\function.php 第 501 行.
NOTIC: [8] Undefined variable: addons E:\WEB\PHP\LNWEB\gz\wx\Application\Common\Common\function.php 第 501 行.
NOTIC: [8] Undefined variable: addons E:\WEB\PHP\LNWEB\gz\wx\Application\Common\Common\function.php 第 501 行.
NOTIC: [8] Undefined variable: addons E:\WEB\PHP\LNWEB\gz\wx\Application\Common\Common\function.php 第 501 行.
NOTIC: [8] Undefined variable: addons E:\WEB\PHP\LNWEB\gz\wx\Application\Common\Common\function.php 第 501 行.
NOTIC: [8] Undefined variable: addons E:\WEB\PHP\LNWEB\gz\wx\Application\Common\Common\function.php 第 501 行.
NOTIC: [8] Undefined variable: addons E:\WEB\PHP\LNWEB\gz\wx\Application\Common\Common\function.php 第 501 行.
NOTIC: [8] Undefined variable: addons E:\WEB\PHP\LNWEB\gz\wx\Application\Common\Common\function.php 第 501 行.
NOTIC: [8] Undefined variable: addons E:\WEB\PHP\LNWEB\gz\wx\Application\Common\Common\function.php 第 501 行.
NOTIC: [8] Undefined offset: 14 E:\WEB\PHP\LNWEB\gz\wx\Application\Common\Model\ManagerMenuModel.class.php 第 106 行.
NOTIC: [8] Undefined offset: 14 E:\WEB\PHP\LNWEB\gz\wx\Application\Common\Model\ManagerMenuModel.class.php 第 116 行.
NOTIC: [8] Undefined offset: 60 E:\WEB\PHP\LNWEB\gz\wx\Application\Common\Model\ManagerMenuModel.class.php 第 106 行.
NOTIC: [8] Undefined offset: 60 E:\WEB\PHP\LNWEB\gz\wx\Application\Common\Model\ManagerMenuModel.class.php 第 116 行.
NOTIC: [8] Undefined index: HTTP_REFERER E:\WEB\PHP\LNWEB\gz\wx\Application\Common\Model\ManagerMenuModel.class.php 第 139 行.
NOTIC: [8] Undefined index: side E:\WEB\PHP\LNWEB\gz\wx\Application\Common\Model\ManagerMenuModel.class.php 第 179 行.
NOTIC: [8] Undefined index: side E:\WEB\PHP\LNWEB\gz\wx\Application\Common\Model\ManagerMenuModel.class.php 第 179 行.
NOTIC: [8] Undefined index: side E:\WEB\PHP\LNWEB\gz\wx\Application\Common\Model\ManagerMenuModel.class.php 第 179 行.
NOTIC: [8] Undefined index: side E:\WEB\PHP\LNWEB\gz\wx\Application\Common\Model\ManagerMenuModel.class.php 第 179 行.
NOTIC: [8] Undefined index: side E:\WEB\PHP\LNWEB\gz\wx\Application\Common\Model\ManagerMenuModel.class.php 第 179 行.
NOTIC: [8] Undefined index: side E:\WEB\PHP\LNWEB\gz\wx\Application\Common\Model\ManagerMenuModel.class.php 第 179 行.
NOTIC: [8] Undefined index: side E:\WEB\PHP\LNWEB\gz\wx\Application\Common\Model\ManagerMenuModel.class.php 第 179 行.
NOTIC: [8] Undefined index: side E:\WEB\PHP\LNWEB\gz\wx\Application\Common\Model\ManagerMenuModel.class.php 第 179 行.
NOTIC: [8] Undefined index: side E:\WEB\PHP\LNWEB\gz\wx\Application\Common\Model\ManagerMenuModel.class.php 第 179 行.
NOTIC: [8] Undefined index: side E:\WEB\PHP\LNWEB\gz\wx\Application\Common\Model\ManagerMenuModel.class.php 第 179 行.
NOTIC: [8] Undefined index: side E:\WEB\PHP\LNWEB\gz\wx\Application\Common\Model\ManagerMenuModel.class.php 第 179 行.
NOTIC: [8] Undefined index: side E:\WEB\PHP\LNWEB\gz\wx\Application\Common\Model\ManagerMenuModel.class.php 第 179 行.
NOTIC: [8] Undefined index: side E:\WEB\PHP\LNWEB\gz\wx\Application\Common\Model\ManagerMenuModel.class.php 第 179 行.
NOTIC: [8] Undefined index: side E:\WEB\PHP\LNWEB\gz\wx\Application\Common\Model\ManagerMenuModel.class.php 第 179 行.
NOTIC: [8] Undefined index: side E:\WEB\PHP\LNWEB\gz\wx\Application\Common\Model\ManagerMenuModel.class.php 第 179 行.
NOTIC: [8] Undefined index: side E:\WEB\PHP\LNWEB\gz\wx\Application\Common\Model\ManagerMenuModel.class.php 第 179 行.
NOTIC: [8] Undefined index: side E:\WEB\PHP\LNWEB\gz\wx\Application\Common\Model\ManagerMenuModel.class.php 第 179 行.
NOTIC: [8] Undefined index: side E:\WEB\PHP\LNWEB\gz\wx\Application\Common\Model\ManagerMenuModel.class.php 第 179 行.
NOTIC: [8] Undefined index: side E:\WEB\PHP\LNWEB\gz\wx\Application\Common\Model\ManagerMenuModel.class.php 第 179 行.
NOTIC: [8] Undefined index: side E:\WEB\PHP\LNWEB\gz\wx\Application\Common\Model\ManagerMenuModel.class.php 第 179 行.
NOTIC: [8] Undefined index: side E:\WEB\PHP\LNWEB\gz\wx\Application\Common\Model\ManagerMenuModel.class.php 第 179 行.
NOTIC: [8] Undefined index: side E:\WEB\PHP\LNWEB\gz\wx\Application\Common\Model\ManagerMenuModel.class.php 第 179 行.
NOTIC: [8] Undefined index: side E:\WEB\PHP\LNWEB\gz\wx\Application\Common\Model\ManagerMenuModel.class.php 第 179 行.
NOTIC: [8] Undefined index: side E:\WEB\PHP\LNWEB\gz\wx\Application\Common\Model\ManagerMenuModel.class.php 第 179 行.
NOTIC: [8] Undefined index: side E:\WEB\PHP\LNWEB\gz\wx\Application\Common\Model\ManagerMenuModel.class.php 第 179 行.
NOTIC: [8] Undefined index: side E:\WEB\PHP\LNWEB\gz\wx\Application\Common\Model\ManagerMenuModel.class.php 第 179 行.
NOTIC: [8] Undefined index: side E:\WEB\PHP\LNWEB\gz\wx\Application\Common\Model\ManagerMenuModel.class.php 第 179 行.
NOTIC: [8] Undefined index: side E:\WEB\PHP\LNWEB\gz\wx\Application\Common\Model\ManagerMenuModel.class.php 第 179 行.
NOTIC: [8] Undefined index: side E:\WEB\PHP\LNWEB\gz\wx\Application\Common\Model\ManagerMenuModel.class.php 第 179 行.
NOTIC: [8] Undefined index: side E:\WEB\PHP\LNWEB\gz\wx\Application\Common\Model\ManagerMenuModel.class.php 第 179 行.
NOTIC: [8] Undefined index: side E:\WEB\PHP\LNWEB\gz\wx\Application\Common\Model\ManagerMenuModel.class.php 第 179 行.
NOTIC: [8] Undefined index: side E:\WEB\PHP\LNWEB\gz\wx\Application\Common\Model\ManagerMenuModel.class.php 第 179 行.
NOTIC: [8] Undefined index: side E:\WEB\PHP\LNWEB\gz\wx\Application\Common\Model\ManagerMenuModel.class.php 第 179 行.
NOTIC: [8] Undefined index: side E:\WEB\PHP\LNWEB\gz\wx\Application\Common\Model\ManagerMenuModel.class.php 第 179 行.
NOTIC: [8] Undefined index: side E:\WEB\PHP\LNWEB\gz\wx\Application\Common\Model\ManagerMenuModel.class.php 第 179 行.
NOTIC: [8] Undefined index: side E:\WEB\PHP\LNWEB\gz\wx\Application\Common\Model\ManagerMenuModel.class.php 第 179 行.
NOTIC: [8] Undefined index: side E:\WEB\PHP\LNWEB\gz\wx\Application\Common\Model\ManagerMenuModel.class.php 第 179 行.
NOTIC: [8] Undefined index: side E:\WEB\PHP\LNWEB\gz\wx\Application\Common\Model\ManagerMenuModel.class.php 第 179 行.
NOTIC: [8] Undefined index: side E:\WEB\PHP\LNWEB\gz\wx\Application\Common\Model\ManagerMenuModel.class.php 第 179 行.
NOTIC: [8] Undefined index: side E:\WEB\PHP\LNWEB\gz\wx\Application\Common\Model\ManagerMenuModel.class.php 第 179 行.
NOTIC: [8] Undefined index: side E:\WEB\PHP\LNWEB\gz\wx\Application\Common\Model\ManagerMenuModel.class.php 第 179 行.
NOTIC: [8] Undefined offset: 14 E:\WEB\PHP\LNWEB\gz\wx\Application\Common\Model\ManagerMenuModel.class.php 第 185 行.
SQL: SELECT * FROM `wx_public_link` WHERE `uid` = 1  [ RunTime:0.0006s ]
NOTIC: [2] Invalid argument supplied for foreach() E:\WEB\PHP\LNWEB\gz\wx\Application\Common\Model\PublicModel.class.php 第 48 行.
NOTIC: [8] Undefined variable: res E:\WEB\PHP\LNWEB\gz\wx\Application\Common\Model\PublicModel.class.php 第 52 行.
SQL: SHOW COLUMNS FROM `wx_model` [ RunTime:0.0050s ]
SQL: SELECT * FROM `wx_model` WHERE `name` = 'public' LIMIT 1   [ RunTime:0.0006s ]
SQL: SELECT * FROM `wx_manager` WHERE `uid` = 1 LIMIT 1   [ RunTime:0.0003s ]
SQL: SELECT * FROM `wx_user` WHERE `uid` = 1 LIMIT 1   [ RunTime:0.0003s ]
INFO: [ view_parse ] --START--
INFO: [ template_filter ] --START--
INFO: Run Behavior\ContentReplaceBehavior [ RunTime:0.000350s ]
INFO: [ template_filter ] --END-- [ RunTime:0.000516s ]
NOTIC: [8] Use of undefined constant website_logo - assumed 'website_logo' E:\WEB\PHP\LNWEB\gz\wx\Runtime\Cache\Home\3172d82bcb5d02bf395126084d35437e.php 第 58 行.
NOTIC: [8] Use of undefined constant headimgurl - assumed 'headimgurl' E:\WEB\PHP\LNWEB\gz\wx\Runtime\Cache\Home\3172d82bcb5d02bf395126084d35437e.php 第 84 行.
NOTIC: [8] Undefined variable: output E:\WEB\PHP\LNWEB\gz\wx\Application\Common\Common\function.php 第 1761 行.
NOTIC: [8] Undefined index: copy_right E:\WEB\PHP\LNWEB\gz\wx\Runtime\Cache\Home\3172d82bcb5d02bf395126084d35437e.php 第 135 行.
NOTIC: [8] Undefined index: GammaAppId E:\WEB\PHP\LNWEB\gz\wx\Runtime\Cache\Home\3172d82bcb5d02bf395126084d35437e.php 第 141 行.
NOTIC: [8] Undefined index: GammaSecret E:\WEB\PHP\LNWEB\gz\wx\Runtime\Cache\Home\3172d82bcb5d02bf395126084d35437e.php 第 147 行.
NOTIC: [8] Undefined index: tongji_code E:\WEB\PHP\LNWEB\gz\wx\Runtime\Cache\Home\3172d82bcb5d02bf395126084d35437e.php 第 154 行.
NOTIC: [8] Undefined index: tips_url E:\WEB\PHP\LNWEB\gz\wx\Runtime\Cache\Home\3172d82bcb5d02bf395126084d35437e.php 第 160 行.
NOTIC: [8] Undefined variable: id E:\WEB\PHP\LNWEB\gz\wx\Runtime\Cache\Home\3172d82bcb5d02bf395126084d35437e.php 第 165 行.
NOTIC: [8] Undefined variable: tongji_code E:\WEB\PHP\LNWEB\gz\wx\Runtime\Cache\Home\3172d82bcb5d02bf395126084d35437e.php 第 243 行.
INFO: Run Behavior\ParseTemplateBehavior [ RunTime:0.193963s ]
INFO: [ view_parse ] --END-- [ RunTime:0.194192s ]
INFO: [ view_filter ] --START--
INFO: Run Behavior\WriteHtmlCacheBehavior [ RunTime:0.000726s ]
INFO: [ view_filter ] --END-- [ RunTime:0.000948s ]
INFO: [ app_end ] --START--
INFO: Run Behavior\ShowPageTraceBehavior [ RunTime:0.001007s ]
INFO: [ app_end ] --END-- [ RunTime:0.001238s ]

